Determining if the pthread_create exist failed with the following output:
Change Dir: /home/t450/ros_zh/src/rangee/build/CMakeFiles/CMakeTmp

Run Build Command:"/usr/bin/make" "cmTC_414fd/fast"
make[1]: Entering directory '/home/t450/ros_zh/src/rangee/build/CMakeFiles/CMakeTmp'
/usr/bin/make -f CMakeFiles/cmTC_414fd.dir/build.make CMakeFiles/cmTC_414fd.dir/build
make[2]: Entering directory '/home/t450/ros_zh/src/rangee/build/CMakeFiles/CMakeTmp'
Building C object CMakeFiles/cmTC_414fd.dir/CheckSymbolExists.c.o
/usr/bin/cc     -o CMakeFiles/cmTC_414fd.dir/CheckSymbolExists.c.o   -c /home/t450/ros_zh/src/rangee/build/CMakeFiles/CMakeTmp/CheckSymbolExists.c
Linking C executable cmTC_414fd
/usr/bin/cmake -E cmake_link_script CMakeFiles/cmTC_414fd.dir/link.txt --verbose=1
/usr/bin/cc       CMakeFiles/cmTC_414fd.dir/CheckSymbolExists.c.o  -o cmTC_414fd -rdynamic 
CMakeFiles/cmTC_414fd.dir/CheckSymbolExists.c.o：在函数‘main’中：
CheckSymbolExists.c:(.text+0x16)：对‘pthread_create’未定义的引用
collect2: error: ld returned 1 exit status
CMakeFiles/cmTC_414fd.dir/build.make:97: recipe for target 'cmTC_414fd' failed
make[2]: *** [cmTC_414fd] Error 1
make[2]: Leaving directory '/home/t450/ros_zh/src/rangee/build/CMakeFiles/CMakeTmp'
Makefile:126: recipe for target 'cmTC_414fd/fast' failed
make[1]: *** [cmTC_414fd/fast] Error 2
make[1]: Leaving directory '/home/t450/ros_zh/src/rangee/build/CMakeFiles/CMakeTmp'

File /home/t450/ros_zh/src/rangee/build/CMakeFiles/CMakeTmp/CheckSymbolExists.c:
/* */
#include <pthread.h>

int main(int argc, char** argv)
{
  (void)argv;
#ifndef pthread_create
  return ((int*)(&pthread_create))[argc];
#else
  (void)argc;
  return 0;
#endif
}

Determining if the function pthread_create exists in the pthreads failed with the following output:
Change Dir: /home/t450/ros_zh/src/rangee/build/CMakeFiles/CMakeTmp

Run Build Command:"/usr/bin/make" "cmTC_351b7/fast"
make[1]: Entering directory '/home/t450/ros_zh/src/rangee/build/CMakeFiles/CMakeTmp'
/usr/bin/make -f CMakeFiles/cmTC_351b7.dir/build.make CMakeFiles/cmTC_351b7.dir/build
make[2]: Entering directory '/home/t450/ros_zh/src/rangee/build/CMakeFiles/CMakeTmp'
Building C object CMakeFiles/cmTC_351b7.dir/CheckFunctionExists.c.o
/usr/bin/cc    -DCHECK_FUNCTION_EXISTS=pthread_create   -o CMakeFiles/cmTC_351b7.dir/CheckFunctionExists.c.o   -c /usr/share/cmake-3.5/Modules/CheckFunctionExists.c
Linking C executable cmTC_351b7
/usr/bin/cmake -E cmake_link_script CMakeFiles/cmTC_351b7.dir/link.txt --verbose=1
/usr/bin/cc   -DCHECK_FUNCTION_EXISTS=pthread_create    CMakeFiles/cmTC_351b7.dir/CheckFunctionExists.c.o  -o cmTC_351b7 -rdynamic -lpthreads 
/usr/bin/ld: 找不到 -lpthreads
collect2: error: ld returned 1 exit status
CMakeFiles/cmTC_351b7.dir/build.make:97: recipe for target 'cmTC_351b7' failed
make[2]: *** [cmTC_351b7] Error 1
make[2]: Leaving directory '/home/t450/ros_zh/src/rangee/build/CMakeFiles/CMakeTmp'
Makefile:126: recipe for target 'cmTC_351b7/fast' failed
make[1]: *** [cmTC_351b7/fast] Error 2
make[1]: Leaving directory '/home/t450/ros_zh/src/rangee/build/CMakeFiles/CMakeTmp'


